<?xml version="1.0" encoding="UTF-8"?>
<!-- Generated by org.testng.reporters.JUnitXMLReporter -->
<testsuite ignored="0" hostname="DESKTOP-NV5OIPA" failures="1" tests="4" name="Dependencies Test" time="0.035" errors="0" timestamp="2022-05-18T22:42:22 IST">
  <testcase classname="dependenciesTest.TestCase1" name="doRegister" time="0.003">
    <failure type="java.lang.AssertionError" message="Element not found">
      <![CDATA[java.lang.AssertionError: Element not found
at dependenciesTest.TestCase1.doRegister(TestCase1.java:11)
at java.base/java.util.ArrayList.forEach(ArrayList.java:1511)
... Removed 28 stack frames]]>
    </failure>
  </testcase> <!-- doRegister -->
  <testcase classname="dependenciesTest.TestCase1" name="doLogin" time="0.0">
    <skipped/>
  </testcase> <!-- doLogin -->
  <testcase classname="dependenciesTest.TestCase1" name="homePage" time="0.003"/>
  <testcase classname="dependenciesTest.TestCase1" name="productCatalogPage" time="0.003"/>
</testsuite> <!-- Dependencies Test -->
