<?xml version="1.0" encoding="UTF-8"?>
<!-- Generated by org.testng.reporters.JUnitXMLReporter -->
<testsuite ignored="0" hostname="DESKTOP-NV5OIPA" failures="3" tests="12" name="Test" time="0.174" errors="0" timestamp="2022-05-18T22:35:54 IST">
  <testcase classname="annotationsTest.AnnotationSeqeunces" name="test1" time="0.009"/>
  <testcase classname="annotationsTest.AnnotationSeqeunces" name="test2" time="0.002"/>
  <testcase classname="annotationsTest.AnnotationSeqeunces" name="test3" time="0.002"/>
  <testcase classname="addingAssertionAndReportingFailure.TestCase2" name="validateTitle" time="0.005">
    <failure type="java.lang.AssertionError" message="expected [yahoomail.com] but found [gmail.com]">
      <![CDATA[java.lang.AssertionError: expected [yahoomail.com] but found [gmail.com]
at addingAssertionAndReportingFailure.TestCase2.validateTitle(TestCase2.java:19)
at java.base/java.util.ArrayList.forEach(ArrayList.java:1511)
... Removed 33 stack frames]]>
    </failure>
  </testcase> <!-- validateTitle -->
  <testcase classname="dependenciesTest.TestCase1" name="doRegister" time="0.003">
    <failure type="java.lang.AssertionError" message="Element not found">
      <![CDATA[java.lang.AssertionError: Element not found
at dependenciesTest.TestCase1.doRegister(TestCase1.java:11)
at java.base/java.util.ArrayList.forEach(ArrayList.java:1511)
... Removed 28 stack frames]]>
    </failure>
  </testcase> <!-- doRegister -->
  <testcase classname="dependenciesTest.TestCase1" name="doLogin" time="0.0">
    <skipped/>
  </testcase> <!-- doLogin -->
  <testcase classname="dependenciesTest.TestCase1" name="homePage" time="0.004"/>
  <testcase classname="dependenciesTest.TestCase1" name="productCatalogPage" time="0.003"/>
  <testcase classname="softAssertAndMultipleReportingFailure.TestCase1" name="validateTitle" time="0.014">
    <failure type="java.lang.AssertionError" message="The following asserts failed:
	expected [yahoomail.com] but found [gmail.com],
	Element not found expected [true] but found [false],
	text box not found expected [true] but found [false]">
      <![CDATA[java.lang.AssertionError: The following asserts failed:
expected [yahoomail.com] but found [gmail.com],
Element not found expected [true] but found [false],
text box not found expected [true] but found [false]
at softAssertAndMultipleReportingFailure.TestCase1.validateTitle(TestCase1.java:29)
at java.base/java.util.ArrayList.forEach(ArrayList.java:1511)
... Removed 29 stack frames]]>
    </failure>
  </testcase> <!-- validateTitle -->
  <testcase classname="annotationsTest.TestCase1" name="doRegister" time="0.002"/>
  <testcase classname="annotationsTest.TestCase1" name="doLogin" time="0.007"/>
  <testcase classname="annotationsTest.TestCase1" name="doHomePage" time="0.002"/>
</testsuite> <!-- Test -->
