<?xml version="1.0" encoding="UTF-8"?>
<!-- Generated by org.testng.reporters.JUnitXMLReporter -->
<testsuite ignored="0" hostname="DESKTOP-NV5OIPA" failures="1" tests="1" name="SoftAssert And Multiple Reporting Failure Test" time="0.017" errors="0" timestamp="2022-05-18T22:59:24 IST">
  <testcase classname="softAssertAndMultipleReportingFailure.TestCase1" name="validateTitle" time="0.007">
    <failure type="java.lang.AssertionError" message="The following asserts failed:
	expected [yahoomail.com] but found [gmail.com],
	Element not found expected [true] but found [false],
	text box not found expected [true] but found [false]">
      <![CDATA[java.lang.AssertionError: The following asserts failed:
expected [yahoomail.com] but found [gmail.com],
Element not found expected [true] but found [false],
text box not found expected [true] but found [false]
at softAssertAndMultipleReportingFailure.TestCase1.validateTitle(TestCase1.java:29)
at java.base/java.util.ArrayList.forEach(ArrayList.java:1511)
... Removed 30 stack frames]]>
    </failure>
  </testcase> <!-- validateTitle -->
</testsuite> <!-- SoftAssert And Multiple Reporting Failure Test -->
