<!DOCTYPE html PUBLIC "-//W3C//DTD XHTML 1.1//EN" "https://www.w3.org/TR/xhtml11/DTD/xhtml11.dtd">
<html xmlns="https://www.w3.org/1999/xhtml">
<head>
<meta http-equiv="content-type" content="text/html; charset=UTF-8"/>
<title>TestNG Report</title>
<style type="text/css">table {margin-bottom:10px;border-collapse:collapse;empty-cells:show}th,td {border:1px solid #009;padding:.25em .5em}th {vertical-align:bottom}td {vertical-align:top}table a {font-weight:bold}.stripe td {background-color: #E6EBF9}.num {text-align:right}.passedodd td {background-color: #3F3}.passedeven td {background-color: #0A0}.skippedodd td {background-color: #DDD}.skippedeven td {background-color: #CCC}.failedodd td,.attn {background-color: #F33}.failedeven td,.stripe .attn {background-color: #D00}.stacktrace {white-space:pre;font-family:monospace}.totop {font-size:85%;text-align:center;border-bottom:2px solid #000}.invisible {display:none}</style>
</head>
<body>
<table>
<tr><th>Test</th><th># Passed</th><th># Skipped</th><th># Retried</th><th># Failed</th><th>Time (ms)</th><th>Included Groups</th><th>Excluded Groups</th></tr>
<tr><th colspan="8">Suite</th></tr>
<tr><th colspan="8">Suite (1)</th></tr>
<tr><td><a href="#t0">Test1</a></td><td class="num">3</td><td class="num">0</td><td class="num">0</td><td class="num">0</td><td class="num">25</td><td></td><td></td></tr>
<tr class="stripe"><td><a href="#t1">Test2</a></td><td class="num">2</td><td class="num">0</td><td class="num">0</td><td class="num">0</td><td class="num">36</td><td></td><td></td></tr>
<tr><th colspan="8">Suite (0)</th></tr>
<tr><td><a href="#t2">Annotations Sequence Test</a></td><td class="num">3</td><td class="num">0</td><td class="num">0</td><td class="num">0</td><td class="num">133</td><td></td><td></td></tr>
<tr class="stripe"><td><a href="#t3">Adding Assertion And Reporting Failure Test</a></td><td class="num">0</td><td class="num">0</td><td class="num">0</td><td class="num attn">1</td><td class="num">17</td><td></td><td></td></tr>
<tr><td><a href="#t4">Dependencies Test</a></td><td class="num">2</td><td class="num attn">1</td><td class="num">0</td><td class="num attn">1</td><td class="num">34</td><td></td><td></td></tr>
<tr class="stripe"><td><a href="#t5">SoftAssert And Multiple Reporting Failure Test</a></td><td class="num">0</td><td class="num">0</td><td class="num">0</td><td class="num attn">1</td><td class="num">17</td><td></td><td></td></tr>
<tr><td><a href="#t6">Annotations Test</a></td><td class="num">3</td><td class="num">0</td><td class="num">0</td><td class="num">0</td><td class="num">42</td><td></td><td></td></tr>
<tr><th>Total</th><th class="num">13</th><th class="num attn">1</th><th class="num">0</th><th class="num attn">3</th><th class="num">304</th><th colspan="2"></th></tr>
</table>
<table id='summary'><thead><tr><th>Class</th><th>Method</th><th>Start</th><th>Time (ms)</th></tr></thead><tbody><tr><th colspan="4">Suite</th></tr></tbody><tbody><tr><th colspan="4">Suite (1)</th></tr></tbody><tbody id="t0"><tr><th colspan="4">Test1 &#8212; passed</th></tr><tr class="passedeven"><td rowspan="3">regressionTest.TestCase1</td><td><a href="#m0">test1</a></td><td rowspan="1">1652894964137</td><td rowspan="1">4</td></tr><tr class="passedeven"><td><a href="#m1">test2</a></td><td rowspan="1">1652894964144</td><td rowspan="1">5</td></tr><tr class="passedeven"><td><a href="#m2">test3</a></td><td rowspan="1">1652894964153</td><td rowspan="1">5</td></tr></tbody>
<tbody id="t1"><tr><th colspan="4">Test2 &#8212; passed</th></tr><tr class="passedeven"><td rowspan="2">regressionTest.TestCase2</td><td><a href="#m3">test1</a></td><td rowspan="1">1652894964170</td><td rowspan="1">1</td></tr><tr class="passedeven"><td><a href="#m4">test2</a></td><td rowspan="1">1652894964175</td><td rowspan="1">25</td></tr></tbody>
<tbody><tr><th colspan="4">Suite (0)</th></tr></tbody><tbody id="t2"><tr><th colspan="4">Annotations Sequence Test &#8212; passed</th></tr><tr class="passedeven"><td rowspan="3">annotationsTest.AnnotationSeqeunces</td><td><a href="#m5">test1</a></td><td rowspan="1">1652894963766</td><td rowspan="1">10</td></tr><tr class="passedeven"><td><a href="#m6">test2</a></td><td rowspan="1">1652894963793</td><td rowspan="1">4</td></tr><tr class="passedeven"><td><a href="#m7">test3</a></td><td rowspan="1">1652894963803</td><td rowspan="1">3</td></tr></tbody>
<tbody id="t3"><tr><th colspan="4">Adding Assertion And Reporting Failure Test &#8212; failed</th></tr><tr class="failedeven"><td rowspan="1">addingAssertionAndReportingFailure.TestCase2</td><td><a href="#m8">validateTitle</a></td><td rowspan="1">1652894963968</td><td rowspan="1">7</td></tr></tbody>
<tbody id="t4"><tr><th colspan="4">Dependencies Test &#8212; failed</th></tr><tr class="failedeven"><td rowspan="1">dependenciesTest.TestCase1</td><td><a href="#m9">doRegister</a></td><td rowspan="1">1652894964008</td><td rowspan="1">2</td></tr><tr><th colspan="4">Dependencies Test &#8212; skipped</th></tr><tr class="skippedeven"><td rowspan="1">dependenciesTest.TestCase1</td><td><a href="#m10">doLogin</a></td><td rowspan="1">1652894964016</td><td rowspan="1">0</td></tr><tr><th colspan="4">Dependencies Test &#8212; passed</th></tr><tr class="passedeven"><td rowspan="2">dependenciesTest.TestCase1</td><td><a href="#m11">homePage</a></td><td rowspan="1">1652894964023</td><td rowspan="1">2</td></tr><tr class="passedeven"><td><a href="#m12">productCatalogPage</a></td><td rowspan="1">1652894964028</td><td rowspan="1">5</td></tr></tbody>
<tbody id="t5"><tr><th colspan="4">SoftAssert And Multiple Reporting Failure Test &#8212; failed</th></tr><tr class="failedeven"><td rowspan="1">softAssertAndMultipleReportingFailure.TestCase1</td><td><a href="#m13">validateTitle</a></td><td rowspan="1">1652894964053</td><td rowspan="1">7</td></tr></tbody>
<tbody id="t6"><tr><th colspan="4">Annotations Test &#8212; passed</th></tr><tr class="passedeven"><td rowspan="3">annotationsTest.TestCase1</td><td><a href="#m14">doHomePage</a></td><td rowspan="1">1652894964113</td><td rowspan="1">3</td></tr><tr class="passedeven"><td><a href="#m15">doLogin</a></td><td rowspan="1">1652894964104</td><td rowspan="1">4</td></tr><tr class="passedeven"><td><a href="#m16">doRegister</a></td><td rowspan="1">1652894964083</td><td rowspan="1">5</td></tr></tbody>
</table>
<h2>Test1</h2><h3 id="m0">regressionTest.TestCase1#test1</h3><table class="result"><tr><th class="invisible"/></tr></table><p class="totop"><a href="#summary">back to summary</a></p>
<h3 id="m1">regressionTest.TestCase1#test2</h3><table class="result"><tr><th class="invisible"/></tr></table><p class="totop"><a href="#summary">back to summary</a></p>
<h3 id="m2">regressionTest.TestCase1#test3</h3><table class="result"><tr><th class="invisible"/></tr></table><p class="totop"><a href="#summary">back to summary</a></p>
<h2>Test2</h2><h3 id="m3">regressionTest.TestCase2#test1</h3><table class="result"><tr><th class="invisible"/></tr></table><p class="totop"><a href="#summary">back to summary</a></p>
<h3 id="m4">regressionTest.TestCase2#test2</h3><table class="result"><tr><th class="invisible"/></tr></table><p class="totop"><a href="#summary">back to summary</a></p>
<h2>Annotations Sequence Test</h2><h3 id="m5">annotationsTest.AnnotationSeqeunces#test1</h3><table class="result"><tr><th class="invisible"/></tr></table><p class="totop"><a href="#summary">back to summary</a></p>
<h3 id="m6">annotationsTest.AnnotationSeqeunces#test2</h3><table class="result"><tr><th class="invisible"/></tr></table><p class="totop"><a href="#summary">back to summary</a></p>
<h3 id="m7">annotationsTest.AnnotationSeqeunces#test3</h3><table class="result"><tr><th class="invisible"/></tr></table><p class="totop"><a href="#summary">back to summary</a></p>
<h2>Adding Assertion And Reporting Failure Test</h2><h3 id="m8">addingAssertionAndReportingFailure.TestCase2#validateTitle</h3><table class="result"><tr><th>Exception</th></tr><tr><td><div class="stacktrace">java.lang.AssertionError: expected [yahoomail.com] but found [gmail.com]
	at addingAssertionAndReportingFailure.TestCase2.validateTitle(TestCase2.java:19)
	at java.base/java.util.ArrayList.forEach(ArrayList.java:1511)
... Removed 34 stack frames</div></td></tr></table><p class="totop"><a href="#summary">back to summary</a></p>
<h2>Dependencies Test</h2><h3 id="m9">dependenciesTest.TestCase1#doRegister</h3><table class="result"><tr><th>Exception</th></tr><tr><td><div class="stacktrace">java.lang.AssertionError: Element not found
	at dependenciesTest.TestCase1.doRegister(TestCase1.java:11)
	at java.base/java.util.ArrayList.forEach(ArrayList.java:1511)
... Removed 29 stack frames</div></td></tr></table><p class="totop"><a href="#summary">back to summary</a></p>
<h3 id="m10">dependenciesTest.TestCase1#doLogin</h3><table class="result"><tr><th>Exception</th></tr><tr><td><div class="stacktrace">java.lang.Throwable: Method TestCase1.doLogin()[pri:2, instance:dependenciesTest.TestCase1@7e5afaa6] depends on not successfully finished methods
	at java.base/java.util.ArrayList.forEach(ArrayList.java:1511)
... Removed 19 stack frames</div></td></tr></table><p class="totop"><a href="#summary">back to summary</a></p>
<h3 id="m11">dependenciesTest.TestCase1#homePage</h3><table class="result"><tr><th class="invisible"/></tr></table><p class="totop"><a href="#summary">back to summary</a></p>
<h3 id="m12">dependenciesTest.TestCase1#productCatalogPage</h3><table class="result"><tr><th class="invisible"/></tr></table><p class="totop"><a href="#summary">back to summary</a></p>
<h2>SoftAssert And Multiple Reporting Failure Test</h2><h3 id="m13">softAssertAndMultipleReportingFailure.TestCase1#validateTitle</h3><table class="result"><tr><th>Exception</th></tr><tr><td><div class="stacktrace">java.lang.AssertionError: The following asserts failed:
	expected [yahoomail.com] but found [gmail.com],
	Element not found expected [true] but found [false],
	text box not found expected [true] but found [false]
	at softAssertAndMultipleReportingFailure.TestCase1.validateTitle(TestCase1.java:29)
	at java.base/java.util.ArrayList.forEach(ArrayList.java:1511)
... Removed 30 stack frames</div></td></tr></table><p class="totop"><a href="#summary">back to summary</a></p>
<h2>Annotations Test</h2><h3 id="m14">annotationsTest.TestCase1#doHomePage</h3><table class="result"><tr><th class="invisible"/></tr></table><p class="totop"><a href="#summary">back to summary</a></p>
<h3 id="m15">annotationsTest.TestCase1#doLogin</h3><table class="result"><tr><th class="invisible"/></tr></table><p class="totop"><a href="#summary">back to summary</a></p>
<h3 id="m16">annotationsTest.TestCase1#doRegister</h3><table class="result"><tr><th class="invisible"/></tr></table><p class="totop"><a href="#summary">back to summary</a></p>
</body>
</html>
