<?xml version="1.0" encoding="UTF-8"?>
<testng-results ignored="0" total="12" passed="8" failed="3" skipped="1">
  <reporter-output>
  </reporter-output>
  <suite started-at="2022-05-18T22:42:21 IST" name="Suite" finished-at="2022-05-18T22:42:22 IST" duration-ms="450">
    <groups>
    </groups>
    <test started-at="2022-05-18T22:42:21 IST" name="Annotations Sequence Test" finished-at="2022-05-18T22:42:21 IST" duration-ms="105">
      <class name="annotationsTest.AnnotationSeqeunces">
        <test-method is-config="true" signature="beforeTest()[pri:0, instance:annotationsTest.AnnotationSeqeunces@72cde7cc]" started-at="2022-05-18T22:42:21 IST" name="beforeTest" finished-at="2022-05-18T22:42:21 IST" duration-ms="1" status="PASS">
          <reporter-output>
          </reporter-output>
        </test-method> <!-- beforeTest -->
        <test-method is-config="true" signature="BeforeClass()[pri:0, instance:annotationsTest.AnnotationSeqeunces@72cde7cc]" started-at="2022-05-18T22:42:21 IST" name="BeforeClass" finished-at="2022-05-18T22:42:21 IST" duration-ms="1" status="PASS">
          <reporter-output>
          </reporter-output>
        </test-method> <!-- BeforeClass -->
        <test-method is-config="true" signature="beforeMethod()[pri:0, instance:annotationsTest.AnnotationSeqeunces@72cde7cc]" started-at="2022-05-18T22:42:21 IST" name="beforeMethod" finished-at="2022-05-18T22:42:21 IST" duration-ms="7" status="PASS">
          <reporter-output>
          </reporter-output>
        </test-method> <!-- beforeMethod -->
        <test-method signature="test1()[pri:1, instance:annotationsTest.AnnotationSeqeunces@72cde7cc]" started-at="2022-05-18T22:42:21 IST" name="test1" finished-at="2022-05-18T22:42:21 IST" duration-ms="11" status="PASS">
          <reporter-output>
          </reporter-output>
        </test-method> <!-- test1 -->
        <test-method is-config="true" signature="afterMethod()[pri:0, instance:annotationsTest.AnnotationSeqeunces@72cde7cc]" started-at="2022-05-18T22:42:21 IST" name="afterMethod" finished-at="2022-05-18T22:42:21 IST" duration-ms="2" status="PASS">
          <reporter-output>
          </reporter-output>
        </test-method> <!-- afterMethod -->
        <test-method signature="test2()[pri:2, instance:annotationsTest.AnnotationSeqeunces@72cde7cc]" started-at="2022-05-18T22:42:21 IST" name="test2" finished-at="2022-05-18T22:42:21 IST" duration-ms="4" status="PASS">
          <reporter-output>
          </reporter-output>
        </test-method> <!-- test2 -->
        <test-method is-config="true" signature="beforeMethod()[pri:0, instance:annotationsTest.AnnotationSeqeunces@72cde7cc]" started-at="2022-05-18T22:42:21 IST" name="beforeMethod" finished-at="2022-05-18T22:42:21 IST" duration-ms="0" status="PASS">
          <reporter-output>
          </reporter-output>
        </test-method> <!-- beforeMethod -->
        <test-method is-config="true" signature="afterMethod()[pri:0, instance:annotationsTest.AnnotationSeqeunces@72cde7cc]" started-at="2022-05-18T22:42:21 IST" name="afterMethod" finished-at="2022-05-18T22:42:21 IST" duration-ms="4" status="PASS">
          <reporter-output>
          </reporter-output>
        </test-method> <!-- afterMethod -->
        <test-method signature="test3()[pri:3, instance:annotationsTest.AnnotationSeqeunces@72cde7cc]" started-at="2022-05-18T22:42:21 IST" name="test3" finished-at="2022-05-18T22:42:21 IST" duration-ms="4" status="PASS">
          <reporter-output>
          </reporter-output>
        </test-method> <!-- test3 -->
        <test-method is-config="true" signature="beforeMethod()[pri:0, instance:annotationsTest.AnnotationSeqeunces@72cde7cc]" started-at="2022-05-18T22:42:21 IST" name="beforeMethod" finished-at="2022-05-18T22:42:21 IST" duration-ms="0" status="PASS">
          <reporter-output>
          </reporter-output>
        </test-method> <!-- beforeMethod -->
        <test-method is-config="true" signature="afterMethod()[pri:0, instance:annotationsTest.AnnotationSeqeunces@72cde7cc]" started-at="2022-05-18T22:42:21 IST" name="afterMethod" finished-at="2022-05-18T22:42:21 IST" duration-ms="0" status="PASS">
          <reporter-output>
          </reporter-output>
        </test-method> <!-- afterMethod -->
        <test-method is-config="true" signature="afterClass()[pri:0, instance:annotationsTest.AnnotationSeqeunces@72cde7cc]" started-at="2022-05-18T22:42:21 IST" name="afterClass" finished-at="2022-05-18T22:42:21 IST" duration-ms="1" status="PASS">
          <reporter-output>
          </reporter-output>
        </test-method> <!-- afterClass -->
        <test-method is-config="true" signature="afterTest()[pri:0, instance:annotationsTest.AnnotationSeqeunces@72cde7cc]" started-at="2022-05-18T22:42:21 IST" name="afterTest" finished-at="2022-05-18T22:42:21 IST" duration-ms="1" status="PASS">
          <reporter-output>
          </reporter-output>
        </test-method> <!-- afterTest -->
      </class> <!-- annotationsTest.AnnotationSeqeunces -->
    </test> <!-- Annotations Sequence Test -->
    <test started-at="2022-05-18T22:42:22 IST" name="Adding Assertion And Reporting Failure Test" finished-at="2022-05-18T22:42:22 IST" duration-ms="21">
      <class name="addingAssertionAndReportingFailure.TestCase2">
        <test-method signature="validateTitle()[pri:0, instance:addingAssertionAndReportingFailure.TestCase2@7ea9e1e2]" started-at="2022-05-18T22:42:22 IST" name="validateTitle" finished-at="2022-05-18T22:42:22 IST" duration-ms="7" status="FAIL">
          <exception class="java.lang.AssertionError">
            <message>
              <![CDATA[expected [yahoomail.com] but found [gmail.com]]]>
            </message>
            <full-stacktrace>
              <![CDATA[java.lang.AssertionError: expected [yahoomail.com] but found [gmail.com]
at org.testng.Assert.fail(Assert.java:99)
at org.testng.Assert.failNotEquals(Assert.java:1037)
at org.testng.Assert.assertEqualsImpl(Assert.java:140)
at org.testng.Assert.assertEquals(Assert.java:122)
at org.testng.Assert.assertEquals(Assert.java:629)
at org.testng.Assert.assertEquals(Assert.java:639)
at addingAssertionAndReportingFailure.TestCase2.validateTitle(TestCase2.java:19)
at java.base/jdk.internal.reflect.NativeMethodAccessorImpl.invoke0(Native Method)
at java.base/jdk.internal.reflect.NativeMethodAccessorImpl.invoke(NativeMethodAccessorImpl.java:64)
at java.base/jdk.internal.reflect.DelegatingMethodAccessorImpl.invoke(DelegatingMethodAccessorImpl.java:43)
at java.base/java.lang.reflect.Method.invoke(Method.java:564)
at org.testng.internal.MethodInvocationHelper.invokeMethod(MethodInvocationHelper.java:133)
at org.testng.internal.TestInvoker.invokeMethod(TestInvoker.java:598)
at org.testng.internal.TestInvoker.invokeTestMethod(TestInvoker.java:173)
at org.testng.internal.MethodRunner.runInSequence(MethodRunner.java:46)
at org.testng.internal.TestInvoker$MethodInvocationAgent.invoke(TestInvoker.java:824)
at org.testng.internal.TestInvoker.invokeTestMethods(TestInvoker.java:146)
at org.testng.internal.TestMethodWorker.invokeTestMethods(TestMethodWorker.java:146)
at org.testng.internal.TestMethodWorker.run(TestMethodWorker.java:128)
at java.base/java.util.ArrayList.forEach(ArrayList.java:1511)
at org.testng.TestRunner.privateRun(TestRunner.java:794)
at org.testng.TestRunner.run(TestRunner.java:596)
at org.testng.SuiteRunner.runTest(SuiteRunner.java:377)
at org.testng.SuiteRunner.runSequentially(SuiteRunner.java:371)
at org.testng.SuiteRunner.privateRun(SuiteRunner.java:332)
at org.testng.SuiteRunner.run(SuiteRunner.java:276)
at org.testng.SuiteRunnerWorker.runSuite(SuiteRunnerWorker.java:53)
at org.testng.SuiteRunnerWorker.run(SuiteRunnerWorker.java:96)
at org.testng.TestNG.runSuitesSequentially(TestNG.java:1212)
at org.testng.TestNG.runSuitesLocally(TestNG.java:1134)
at org.testng.TestNG.runSuites(TestNG.java:1063)
at org.testng.TestNG.run(TestNG.java:1031)
at org.testng.remote.AbstractRemoteTestNG.run(AbstractRemoteTestNG.java:115)
at org.testng.remote.RemoteTestNG.initAndRun(RemoteTestNG.java:251)
at org.testng.remote.RemoteTestNG.main(RemoteTestNG.java:77)
]]>
            </full-stacktrace>
          </exception> <!-- java.lang.AssertionError -->
          <reporter-output>
          </reporter-output>
        </test-method> <!-- validateTitle -->
      </class> <!-- addingAssertionAndReportingFailure.TestCase2 -->
    </test> <!-- Adding Assertion And Reporting Failure Test -->
    <test started-at="2022-05-18T22:42:22 IST" name="Dependencies Test" finished-at="2022-05-18T22:42:22 IST" duration-ms="35">
      <class name="dependenciesTest.TestCase1">
        <test-method signature="doRegister()[pri:1, instance:dependenciesTest.TestCase1@73700b80]" started-at="2022-05-18T22:42:22 IST" name="doRegister" finished-at="2022-05-18T22:42:22 IST" duration-ms="3" status="FAIL">
          <exception class="java.lang.AssertionError">
            <message>
              <![CDATA[Element not found]]>
            </message>
            <full-stacktrace>
              <![CDATA[java.lang.AssertionError: Element not found
at org.testng.Assert.fail(Assert.java:99)
at dependenciesTest.TestCase1.doRegister(TestCase1.java:11)
at java.base/jdk.internal.reflect.NativeMethodAccessorImpl.invoke0(Native Method)
at java.base/jdk.internal.reflect.NativeMethodAccessorImpl.invoke(NativeMethodAccessorImpl.java:64)
at java.base/jdk.internal.reflect.DelegatingMethodAccessorImpl.invoke(DelegatingMethodAccessorImpl.java:43)
at java.base/java.lang.reflect.Method.invoke(Method.java:564)
at org.testng.internal.MethodInvocationHelper.invokeMethod(MethodInvocationHelper.java:133)
at org.testng.internal.TestInvoker.invokeMethod(TestInvoker.java:598)
at org.testng.internal.TestInvoker.invokeTestMethod(TestInvoker.java:173)
at org.testng.internal.MethodRunner.runInSequence(MethodRunner.java:46)
at org.testng.internal.TestInvoker$MethodInvocationAgent.invoke(TestInvoker.java:824)
at org.testng.internal.TestInvoker.invokeTestMethods(TestInvoker.java:146)
at org.testng.internal.TestMethodWorker.invokeTestMethods(TestMethodWorker.java:146)
at org.testng.internal.TestMethodWorker.run(TestMethodWorker.java:128)
at java.base/java.util.ArrayList.forEach(ArrayList.java:1511)
at org.testng.TestRunner.privateRun(TestRunner.java:794)
at org.testng.TestRunner.run(TestRunner.java:596)
at org.testng.SuiteRunner.runTest(SuiteRunner.java:377)
at org.testng.SuiteRunner.runSequentially(SuiteRunner.java:371)
at org.testng.SuiteRunner.privateRun(SuiteRunner.java:332)
at org.testng.SuiteRunner.run(SuiteRunner.java:276)
at org.testng.SuiteRunnerWorker.runSuite(SuiteRunnerWorker.java:53)
at org.testng.SuiteRunnerWorker.run(SuiteRunnerWorker.java:96)
at org.testng.TestNG.runSuitesSequentially(TestNG.java:1212)
at org.testng.TestNG.runSuitesLocally(TestNG.java:1134)
at org.testng.TestNG.runSuites(TestNG.java:1063)
at org.testng.TestNG.run(TestNG.java:1031)
at org.testng.remote.AbstractRemoteTestNG.run(AbstractRemoteTestNG.java:115)
at org.testng.remote.RemoteTestNG.initAndRun(RemoteTestNG.java:251)
at org.testng.remote.RemoteTestNG.main(RemoteTestNG.java:77)
]]>
            </full-stacktrace>
          </exception> <!-- java.lang.AssertionError -->
          <reporter-output>
          </reporter-output>
        </test-method> <!-- doRegister -->
        <test-method signature="doLogin()[pri:2, instance:dependenciesTest.TestCase1@73700b80]" started-at="2022-05-18T22:42:22 IST" name="doLogin" finished-at="2022-05-18T22:42:22 IST" depends-on-methods="dependenciesTest.TestCase1.doRegister" duration-ms="0" status="SKIP">
          <exception class="java.lang.Throwable">
            <message>
              <![CDATA[Method TestCase1.doLogin()[pri:2, instance:dependenciesTest.TestCase1@73700b80] depends on not successfully finished methods]]>
            </message>
            <full-stacktrace>
              <![CDATA[java.lang.Throwable: Method TestCase1.doLogin()[pri:2, instance:dependenciesTest.TestCase1@73700b80] depends on not successfully finished methods
at org.testng.internal.TestInvoker.invokeTestMethods(TestInvoker.java:102)
at org.testng.internal.TestMethodWorker.invokeTestMethods(TestMethodWorker.java:146)
at org.testng.internal.TestMethodWorker.run(TestMethodWorker.java:128)
at java.base/java.util.ArrayList.forEach(ArrayList.java:1511)
at org.testng.TestRunner.privateRun(TestRunner.java:794)
at org.testng.TestRunner.run(TestRunner.java:596)
at org.testng.SuiteRunner.runTest(SuiteRunner.java:377)
at org.testng.SuiteRunner.runSequentially(SuiteRunner.java:371)
at org.testng.SuiteRunner.privateRun(SuiteRunner.java:332)
at org.testng.SuiteRunner.run(SuiteRunner.java:276)
at org.testng.SuiteRunnerWorker.runSuite(SuiteRunnerWorker.java:53)
at org.testng.SuiteRunnerWorker.run(SuiteRunnerWorker.java:96)
at org.testng.TestNG.runSuitesSequentially(TestNG.java:1212)
at org.testng.TestNG.runSuitesLocally(TestNG.java:1134)
at org.testng.TestNG.runSuites(TestNG.java:1063)
at org.testng.TestNG.run(TestNG.java:1031)
at org.testng.remote.AbstractRemoteTestNG.run(AbstractRemoteTestNG.java:115)
at org.testng.remote.RemoteTestNG.initAndRun(RemoteTestNG.java:251)
at org.testng.remote.RemoteTestNG.main(RemoteTestNG.java:77)
]]>
            </full-stacktrace>
          </exception> <!-- java.lang.Throwable -->
          <reporter-output>
          </reporter-output>
        </test-method> <!-- doLogin -->
        <test-method signature="homePage()[pri:3, instance:dependenciesTest.TestCase1@73700b80]" started-at="2022-05-18T22:42:22 IST" name="homePage" finished-at="2022-05-18T22:42:22 IST" depends-on-methods="dependenciesTest.TestCase1.doRegister" duration-ms="3" status="PASS">
          <reporter-output>
          </reporter-output>
        </test-method> <!-- homePage -->
        <test-method signature="productCatalogPage()[pri:4, instance:dependenciesTest.TestCase1@73700b80]" started-at="2022-05-18T22:42:22 IST" name="productCatalogPage" finished-at="2022-05-18T22:42:22 IST" duration-ms="3" status="PASS">
          <reporter-output>
          </reporter-output>
        </test-method> <!-- productCatalogPage -->
      </class> <!-- dependenciesTest.TestCase1 -->
    </test> <!-- Dependencies Test -->
    <test started-at="2022-05-18T22:42:22 IST" name="SoftAssert And Multiple Reporting Failure Test" finished-at="2022-05-18T22:42:22 IST" duration-ms="15">
      <class name="softAssertAndMultipleReportingFailure.TestCase1">
        <test-method signature="validateTitle()[pri:0, instance:softAssertAndMultipleReportingFailure.TestCase1@581ac8a8]" started-at="2022-05-18T22:42:22 IST" name="validateTitle" finished-at="2022-05-18T22:42:22 IST" duration-ms="8" status="FAIL">
          <exception class="java.lang.AssertionError">
            <message>
              <![CDATA[The following asserts failed:
expected [yahoomail.com] but found [gmail.com],
Element not found expected [true] but found [false],
text box not found expected [true] but found [false]]]>
            </message>
            <full-stacktrace>
              <![CDATA[java.lang.AssertionError: The following asserts failed:
expected [yahoomail.com] but found [gmail.com],
Element not found expected [true] but found [false],
text box not found expected [true] but found [false]
at org.testng.asserts.SoftAssert.assertAll(SoftAssert.java:47)
at org.testng.asserts.SoftAssert.assertAll(SoftAssert.java:31)
at softAssertAndMultipleReportingFailure.TestCase1.validateTitle(TestCase1.java:29)
at java.base/jdk.internal.reflect.NativeMethodAccessorImpl.invoke0(Native Method)
at java.base/jdk.internal.reflect.NativeMethodAccessorImpl.invoke(NativeMethodAccessorImpl.java:64)
at java.base/jdk.internal.reflect.DelegatingMethodAccessorImpl.invoke(DelegatingMethodAccessorImpl.java:43)
at java.base/java.lang.reflect.Method.invoke(Method.java:564)
at org.testng.internal.MethodInvocationHelper.invokeMethod(MethodInvocationHelper.java:133)
at org.testng.internal.TestInvoker.invokeMethod(TestInvoker.java:598)
at org.testng.internal.TestInvoker.invokeTestMethod(TestInvoker.java:173)
at org.testng.internal.MethodRunner.runInSequence(MethodRunner.java:46)
at org.testng.internal.TestInvoker$MethodInvocationAgent.invoke(TestInvoker.java:824)
at org.testng.internal.TestInvoker.invokeTestMethods(TestInvoker.java:146)
at org.testng.internal.TestMethodWorker.invokeTestMethods(TestMethodWorker.java:146)
at org.testng.internal.TestMethodWorker.run(TestMethodWorker.java:128)
at java.base/java.util.ArrayList.forEach(ArrayList.java:1511)
at org.testng.TestRunner.privateRun(TestRunner.java:794)
at org.testng.TestRunner.run(TestRunner.java:596)
at org.testng.SuiteRunner.runTest(SuiteRunner.java:377)
at org.testng.SuiteRunner.runSequentially(SuiteRunner.java:371)
at org.testng.SuiteRunner.privateRun(SuiteRunner.java:332)
at org.testng.SuiteRunner.run(SuiteRunner.java:276)
at org.testng.SuiteRunnerWorker.runSuite(SuiteRunnerWorker.java:53)
at org.testng.SuiteRunnerWorker.run(SuiteRunnerWorker.java:96)
at org.testng.TestNG.runSuitesSequentially(TestNG.java:1212)
at org.testng.TestNG.runSuitesLocally(TestNG.java:1134)
at org.testng.TestNG.runSuites(TestNG.java:1063)
at org.testng.TestNG.run(TestNG.java:1031)
at org.testng.remote.AbstractRemoteTestNG.run(AbstractRemoteTestNG.java:115)
at org.testng.remote.RemoteTestNG.initAndRun(RemoteTestNG.java:251)
at org.testng.remote.RemoteTestNG.main(RemoteTestNG.java:77)
]]>
            </full-stacktrace>
          </exception> <!-- java.lang.AssertionError -->
          <reporter-output>
          </reporter-output>
        </test-method> <!-- validateTitle -->
      </class> <!-- softAssertAndMultipleReportingFailure.TestCase1 -->
    </test> <!-- SoftAssert And Multiple Reporting Failure Test -->
    <test started-at="2022-05-18T22:42:22 IST" name="Annotations Test" finished-at="2022-05-18T22:42:22 IST" duration-ms="36">
      <class name="annotationsTest.TestCase1">
        <test-method is-config="true" signature="createDB()[pri:0, instance:annotationsTest.TestCase1@16a0ee18]" started-at="2022-05-18T22:42:22 IST" name="createDB" finished-at="2022-05-18T22:42:22 IST" duration-ms="0" status="PASS">
          <reporter-output>
          </reporter-output>
        </test-method> <!-- createDB -->
        <test-method is-config="true" signature="launchBrowser()[pri:0, instance:annotationsTest.TestCase1@16a0ee18]" started-at="2022-05-18T22:42:22 IST" name="launchBrowser" finished-at="2022-05-18T22:42:22 IST" duration-ms="2" status="PASS">
          <reporter-output>
          </reporter-output>
        </test-method> <!-- launchBrowser -->
        <test-method signature="doRegister()[pri:1, instance:annotationsTest.TestCase1@16a0ee18]" started-at="2022-05-18T22:42:22 IST" name="doRegister" finished-at="2022-05-18T22:42:22 IST" duration-ms="2" status="PASS">
          <reporter-output>
          </reporter-output>
        </test-method> <!-- doRegister -->
        <test-method is-config="true" signature="closeBrowser()[pri:0, instance:annotationsTest.TestCase1@16a0ee18]" started-at="2022-05-18T22:42:22 IST" name="closeBrowser" finished-at="2022-05-18T22:42:22 IST" duration-ms="1" status="PASS">
          <reporter-output>
          </reporter-output>
        </test-method> <!-- closeBrowser -->
        <test-method is-config="true" signature="launchBrowser()[pri:0, instance:annotationsTest.TestCase1@16a0ee18]" started-at="2022-05-18T22:42:22 IST" name="launchBrowser" finished-at="2022-05-18T22:42:22 IST" duration-ms="1" status="PASS">
          <reporter-output>
          </reporter-output>
        </test-method> <!-- launchBrowser -->
        <test-method signature="doLogin()[pri:2, instance:annotationsTest.TestCase1@16a0ee18]" started-at="2022-05-18T22:42:22 IST" name="doLogin" finished-at="2022-05-18T22:42:22 IST" duration-ms="4" status="PASS">
          <reporter-output>
          </reporter-output>
        </test-method> <!-- doLogin -->
        <test-method is-config="true" signature="closeBrowser()[pri:0, instance:annotationsTest.TestCase1@16a0ee18]" started-at="2022-05-18T22:42:22 IST" name="closeBrowser" finished-at="2022-05-18T22:42:22 IST" duration-ms="1" status="PASS">
          <reporter-output>
          </reporter-output>
        </test-method> <!-- closeBrowser -->
        <test-method is-config="true" signature="launchBrowser()[pri:0, instance:annotationsTest.TestCase1@16a0ee18]" started-at="2022-05-18T22:42:22 IST" name="launchBrowser" finished-at="2022-05-18T22:42:22 IST" duration-ms="1" status="PASS">
          <reporter-output>
          </reporter-output>
        </test-method> <!-- launchBrowser -->
        <test-method signature="doHomePage()[pri:3, instance:annotationsTest.TestCase1@16a0ee18]" started-at="2022-05-18T22:42:22 IST" name="doHomePage" finished-at="2022-05-18T22:42:22 IST" duration-ms="1" status="PASS">
          <reporter-output>
          </reporter-output>
        </test-method> <!-- doHomePage -->
        <test-method is-config="true" signature="closeBrowser()[pri:0, instance:annotationsTest.TestCase1@16a0ee18]" started-at="2022-05-18T22:42:22 IST" name="closeBrowser" finished-at="2022-05-18T22:42:22 IST" duration-ms="1" status="PASS">
          <reporter-output>
          </reporter-output>
        </test-method> <!-- closeBrowser -->
        <test-method is-config="true" signature="deleteDB()[pri:0, instance:annotationsTest.TestCase1@16a0ee18]" started-at="2022-05-18T22:42:22 IST" name="deleteDB" finished-at="2022-05-18T22:42:22 IST" duration-ms="0" status="PASS">
          <reporter-output>
          </reporter-output>
        </test-method> <!-- deleteDB -->
      </class> <!-- annotationsTest.TestCase1 -->
      <class name="annotationsTest.AnnotationSeqeunces">
        <test-method is-config="true" signature="beforeSuite()[pri:0, instance:annotationsTest.AnnotationSeqeunces@72cde7cc]" started-at="2022-05-18T22:42:21 IST" name="beforeSuite" finished-at="2022-05-18T22:42:21 IST" duration-ms="14" status="PASS">
          <reporter-output>
          </reporter-output>
        </test-method> <!-- beforeSuite -->
        <test-method is-config="true" signature="AfterSuite()[pri:0, instance:annotationsTest.AnnotationSeqeunces@72cde7cc]" started-at="2022-05-18T22:42:22 IST" name="AfterSuite" finished-at="2022-05-18T22:42:22 IST" duration-ms="1" status="PASS">
          <reporter-output>
          </reporter-output>
        </test-method> <!-- AfterSuite -->
      </class> <!-- annotationsTest.AnnotationSeqeunces -->
    </test> <!-- Annotations Test -->
  </suite> <!-- Suite -->
</testng-results>
